Host/Plugin_02/build/outputs/logs/manifest-merger-debug-report.txt
-- Merging decision tree log ---
manifest
ADDED from Host/Plugin_02/AndroidManifest.xml:2:1-37:12
	package
		ADDED from Host/Plugin_02/AndroidManifest.xml:3:5-41
		INJECTED from Host/Plugin_02/AndroidManifest.xml
		INJECTED from Host/Plugin_02/AndroidManifest.xml
	android:versionName
		ADDED from Host/Plugin_02/AndroidManifest.xml:5:5-30
		INJECTED from Host/Plugin_02/AndroidManifest.xml
		INJECTED from Host/Plugin_02/AndroidManifest.xml
	android:versionCode
		ADDED from Host/Plugin_02/AndroidManifest.xml:4:5-28
		INJECTED from Host/Plugin_02/AndroidManifest.xml
		INJECTED from Host/Plugin_02/AndroidManifest.xml
	xmlns:android
		ADDED from Host/Plugin_02/AndroidManifest.xml:2:11-69
uses-sdk
ADDED from Host/Plugin_02/AndroidManifest.xml:7:5-9:41
MERGED from [Host:appcompat_v7:unspecified] AndroidManifest.xml:20:5-43
	android:targetSdkVersion
		ADDED from Host/Plugin_02/AndroidManifest.xml:9:9-38
		INJECTED from Host/Plugin_02/AndroidManifest.xml
		INJECTED from Host/Plugin_02/AndroidManifest.xml
	android:minSdkVersion
		ADDED from Host/Plugin_02/AndroidManifest.xml:8:9-35
		INJECTED from Host/Plugin_02/AndroidManifest.xml
		INJECTED from Host/Plugin_02/AndroidManifest.xml
application
ADDED from Host/Plugin_02/AndroidManifest.xml:11:5-35:19
MERGED from [Host:appcompat_v7:unspecified] AndroidManifest.xml:22:5-20
	android:label
		ADDED from Host/Plugin_02/AndroidManifest.xml:14:9-41
	android:allowBackup
		ADDED from Host/Plugin_02/AndroidManifest.xml:12:9-35
	android:icon
		ADDED from Host/Plugin_02/AndroidManifest.xml:13:9-45
	android:theme
		ADDED from Host/Plugin_02/AndroidManifest.xml:15:9-70
	android:name
		ADDED from Host/Plugin_02/AndroidManifest.xml:16:9-68
activity#com.example.pluginactivity.MainActivity
ADDED from Host/Plugin_02/AndroidManifest.xml:17:9-25:20
	android:label
		ADDED from Host/Plugin_02/AndroidManifest.xml:19:13-45
	android:name
		ADDED from Host/Plugin_02/AndroidManifest.xml:18:13-41
intent-filter#android.intent.action.MAIN+android.intent.category.LAUNCHER
ADDED from Host/Plugin_02/AndroidManifest.xml:20:13-24:29
action#android.intent.action.MAIN
ADDED from Host/Plugin_02/AndroidManifest.xml:21:17-69
	android:name
		ADDED from Host/Plugin_02/AndroidManifest.xml:21:25-66
category#android.intent.category.LAUNCHER
ADDED from Host/Plugin_02/AndroidManifest.xml:23:17-77
	android:name
		ADDED from Host/Plugin_02/AndroidManifest.xml:23:27-74
activity#com.example.pluginactivity.PluginActionBarActivity
ADDED from Host/Plugin_02/AndroidManifest.xml:27:9-28:59
	android:theme
		ADDED from Host/Plugin_02/AndroidManifest.xml:28:13-57
	android:name
		ADDED from Host/Plugin_02/AndroidManifest.xml:27:19-84
activity#com.example.pluginactivity.NotRegisterActivity
ADDED from Host/Plugin_02/AndroidManifest.xml:30:9-33:20
	android:theme
		ADDED from Host/Plugin_02/AndroidManifest.xml:31:13-57
	android:name
		ADDED from Host/Plugin_02/AndroidManifest.xml:30:19-54